Using pre-set license
Built from '2020.3/staging' branch; Version is '2020.3.17f1 (a4537701e4ab) revision 10769271'; Using compiler version '192528614'; Build Type 'Release'
OS: 'Windows 10 Home; OS build 19042.1165; Version 2009; 64bit' Language: 'ko' Physical Memory: 16074 MB
BatchMode: 1, IsHumanControllingUs: 0, StartBugReporterOnCrash: 0, Is64bit: 1, IsPro: 0

COMMAND LINE ARGUMENTS:
C:\Program Files\Unity\Hub\Editor\2020.3.17f1\Editor\Unity.exe
-adb2
-batchMode
-noUpm
-name
AssetImportWorker0
-projectPath
C:/Users/serim/Documents/GitHub/Practice-Shooting-Game--Textbook-Example--/Zombie
-logFile
Logs/AssetImportWorker0.log
-srvPort
52897
Successfully changed project path to: C:/Users/serim/Documents/GitHub/Practice-Shooting-Game--Textbook-Example--/Zombie
C:/Users/serim/Documents/GitHub/Practice-Shooting-Game--Textbook-Example--/Zombie
Using Asset Import Pipeline V2.
Refreshing native plugins compatible for Editor in 39.73 ms, found 2 plugins.
Preloading 0 native plugins for Editor in 0.00 ms.
Initialize engine version: 2020.3.17f1 (a4537701e4ab)
[Subsystems] Discovering subsystems at path C:/Program Files/Unity/Hub/Editor/2020.3.17f1/Editor/Data/Resources/UnitySubsystems
[Subsystems] Discovering subsystems at path C:/Users/serim/Documents/GitHub/Practice-Shooting-Game--Textbook-Example--/Zombie/Assets
GfxDevice: creating device client; threaded=0
Direct3D:
    Version:  Direct3D 11.0 [level 11.1]
    Renderer: NVIDIA GeForce GTX 1650 Ti with Max-Q Design (ID=0x1f95)
    Vendor:   
    VRAM:     3962 MB
    Driver:   27.21.14.5167
Initialize mono
Mono path[0] = 'C:/Program Files/Unity/Hub/Editor/2020.3.17f1/Editor/Data/Managed'
Mono path[1] = 'C:/Program Files/Unity/Hub/Editor/2020.3.17f1/Editor/Data/MonoBleedingEdge/lib/mono/unityjit'
Mono config path = 'C:/Program Files/Unity/Hub/Editor/2020.3.17f1/Editor/Data/MonoBleedingEdge/etc'
Using monoOptions --debugger-agent=transport=dt_socket,embedding=1,server=y,suspend=n,address=127.0.0.1:56084
Begin MonoManager ReloadAssembly
Registering precompiled unity dll's ...
Register platform support module: C:/Program Files/Unity/Hub/Editor/2020.3.17f1/Editor/Data/PlaybackEngines/WindowsStandaloneSupport/UnityEditor.WindowsStandalone.Extensions.dll
Registered in 0.001308 seconds.
Native extension for WindowsStandalone target not found
Refreshing native plugins compatible for Editor in 34.22 ms, found 2 plugins.
Preloading 0 native plugins for Editor in 0.00 ms.
Mono: successfully reloaded assembly
- Completed reload, in  0.654 seconds
Domain Reload Profiling:
	ReloadAssembly (654ms)
		BeginReloadAssembly (34ms)
			ExecutionOrderSort (0ms)
			DisableScriptedObjects (0ms)
			BackupInstance (0ms)
			ReleaseScriptingObjects (0ms)
			CreateAndSetChildDomain (1ms)
		EndReloadAssembly (265ms)
			LoadAssemblies (33ms)
			RebuildTransferFunctionScriptingTraits (0ms)
			SetupTypeCache (92ms)
			ReleaseScriptCaches (0ms)
			RebuildScriptCaches (19ms)
			SetupLoadedEditorAssemblies (108ms)
				LogAssemblyErrors (0ms)
				InitializePlatformSupportModulesInManaged (3ms)
				SetLoadedEditorAssemblies (0ms)
				RefreshPlugins (34ms)
				BeforeProcessingInitializeOnLoad (5ms)
				ProcessInitializeOnLoadAttributes (48ms)
				ProcessInitializeOnLoadMethodAttributes (18ms)
				AfterProcessingInitializeOnLoad (0ms)
				EditorAssembliesLoaded (0ms)
			ExecutionOrderSort2 (0ms)
			AwakeInstancesAfterBackupRestoration (0ms)
Platform modules already initialized, skipping
Registering precompiled user dll's ...
Registered in 0.002988 seconds.
Begin MonoManager ReloadAssembly
Native extension for WindowsStandalone target not found
Refreshing native plugins compatible for Editor in 0.53 ms, found 2 plugins.
Preloading 0 native plugins for Editor in 0.00 ms.
Mono: successfully reloaded assembly
- Completed reload, in  0.744 seconds
Domain Reload Profiling:
	ReloadAssembly (744ms)
		BeginReloadAssembly (88ms)
			ExecutionOrderSort (0ms)
			DisableScriptedObjects (3ms)
			BackupInstance (0ms)
			ReleaseScriptingObjects (0ms)
			CreateAndSetChildDomain (14ms)
		EndReloadAssembly (617ms)
			LoadAssemblies (54ms)
			RebuildTransferFunctionScriptingTraits (0ms)
			SetupTypeCache (171ms)
			ReleaseScriptCaches (0ms)
			RebuildScriptCaches (32ms)
			SetupLoadedEditorAssemblies (300ms)
				LogAssemblyErrors (0ms)
				InitializePlatformSupportModulesInManaged (3ms)
				SetLoadedEditorAssemblies (0ms)
				RefreshPlugins (1ms)
				BeforeProcessingInitializeOnLoad (46ms)
				ProcessInitializeOnLoadAttributes (223ms)
				ProcessInitializeOnLoadMethodAttributes (23ms)
				AfterProcessingInitializeOnLoad (3ms)
				EditorAssembliesLoaded (0ms)
			ExecutionOrderSort2 (0ms)
			AwakeInstancesAfterBackupRestoration (4ms)
Platform modules already initialized, skipping
========================================================================
Worker process is ready to serve import requests
Launched and connected shader compiler UnityShaderCompiler.exe after 0.03 seconds
Refreshing native plugins compatible for Editor in 0.63 ms, found 2 plugins.
Preloading 0 native plugins for Editor in 0.00 ms.
Unloading 2223 Unused Serialized files (Serialized files now loaded: 0)
System memory in use before: 166.4 MB.
System memory in use after: 166.5 MB.

Unloading 59 unused Assets to reduce memory usage. Loaded Objects now: 2632.
Total: 4.347400 ms (FindLiveObjects: 0.137900 ms CreateObjectMapping: 0.047900 ms MarkObjects: 4.104700 ms  DeleteObjects: 0.056100 ms)

AssetImportParameters requested are different than current active one (requested -> active):
  custom:framework-win-MediaFoundation: 216162199b28c13a410421893ffa2e32 -> 
  custom:video-decoder-ogg-theora: a1e56fd34408186e4bbccfd4996cb3dc -> 
  custom:container-muxer-webm: aa71ff27fc2769a1b78a27578f13a17b -> 
  custom:container-demuxer-webm: 4f35f7cbe854078d1ac9338744f61a02 -> 
  custom:container-demuxer-ogg: 62fdf1f143b41e24485cea50d1cbac27 -> 
  custom:video-encoder-webm-vp8: eb34c28f22e8b96e1ab97ce403110664 -> 
  custom:video-decoder-webm-vp8: 9c59270c3fd7afecdb556c50c9e8de78 -> 
  custom:audio-decoder-ogg-vorbis: bf7c407c2cedff20999df2af8eb42d56 -> 
  custom:audio-encoder-webm-vorbis: bf7c407c2cedff20999df2af8eb42d56 -> 
========================================================================
Received Import Request.
  path: Assets/Scenes
  artifactKey: Guid(9303ebef22e5e4b6cab72426d792dd9d) Importer(815301076,1909f56bfc062723c751e8b465ee728b)
Start importing Assets/Scenes using Guid(9303ebef22e5e4b6cab72426d792dd9d) Importer(815301076,1909f56bfc062723c751e8b465ee728b)  -> (artifact id: 'b57e461d9304fb4646bda80dcb26a26c') in 0.008101 seconds 
  Import took 0.010776 seconds .

========================================================================
Received Import Request.
  Time since last request: 119.425984 seconds.
  path: Assets/Prefabs
  artifactKey: Guid(56f186d9e63ef4c12bdde22784fdc2fa) Importer(815301076,1909f56bfc062723c751e8b465ee728b)
Start importing Assets/Prefabs using Guid(56f186d9e63ef4c12bdde22784fdc2fa) Importer(815301076,1909f56bfc062723c751e8b465ee728b)  -> (artifact id: '698a73c7ca1ac4d3a7de1205a6595627') in 0.006507 seconds 
  Import took 0.009558 seconds .

========================================================================
Received Import Request.
  Time since last request: 1.792632 seconds.
  path: Assets/Prefabs/AmmoPack.prefab
  artifactKey: Guid(c90bf41c504e541b98989b07b736097c) Importer(815301076,1909f56bfc062723c751e8b465ee728b)
Start importing Assets/Prefabs/AmmoPack.prefab using Guid(c90bf41c504e541b98989b07b736097c) Importer(815301076,1909f56bfc062723c751e8b465ee728b)  -> (artifact id: '59b4b60be904868158422731f3e37856') in 0.194731 seconds 
  Import took 0.197683 seconds .

========================================================================
Received Import Request.
  Time since last request: 0.000232 seconds.
  path: Assets/Prefabs/HUD Canvas.prefab
  artifactKey: Guid(63226789a2ac34fec8493b064c47bd44) Importer(815301076,1909f56bfc062723c751e8b465ee728b)
Start importing Assets/Prefabs/HUD Canvas.prefab using Guid(63226789a2ac34fec8493b064c47bd44) Importer(815301076,1909f56bfc062723c751e8b465ee728b)  -> (artifact id: '6eae11d5cab4dcab3ec55866ea194346') in 0.021397 seconds 
  Import took 0.024390 seconds .

========================================================================
Received Import Request.
  Time since last request: 0.000223 seconds.
  path: Assets/Prefabs/ParticlesLight.prefab
  artifactKey: Guid(fa35d75604d172d48b7a6b62a07c7dbf) Importer(815301076,1909f56bfc062723c751e8b465ee728b)
Start importing Assets/Prefabs/ParticlesLight.prefab using Guid(fa35d75604d172d48b7a6b62a07c7dbf) Importer(815301076,1909f56bfc062723c751e8b465ee728b)  -> (artifact id: '2775595048536acb027a0427dcd4a619') in 0.006780 seconds 
  Import took 0.009708 seconds .

========================================================================
Received Import Request.
  Time since last request: 0.000216 seconds.
  path: Assets/Prefabs/HealthPack.prefab
  artifactKey: Guid(b4e7df10a580e4a1a88a79995b741816) Importer(815301076,1909f56bfc062723c751e8b465ee728b)
Start importing Assets/Prefabs/HealthPack.prefab using Guid(b4e7df10a580e4a1a88a79995b741816) Importer(815301076,1909f56bfc062723c751e8b465ee728b)  -> (artifact id: 'c3a0d05da5570afe93b5570c6ff4536a') in 0.017884 seconds 
  Import took 0.021267 seconds .

========================================================================
Received Import Request.
  Time since last request: 0.000393 seconds.
  path: Assets/Prefabs/MuzzleFlashEffect.prefab
  artifactKey: Guid(74d744994bc414c37bfda957f1d57118) Importer(815301076,1909f56bfc062723c751e8b465ee728b)
Start importing Assets/Prefabs/MuzzleFlashEffect.prefab using Guid(74d744994bc414c37bfda957f1d57118) Importer(815301076,1909f56bfc062723c751e8b465ee728b)  -> (artifact id: '3578f9777f7ac60f892118d3de65ef2d') in 0.043444 seconds 
  Import took 0.046563 seconds .

========================================================================
Received Import Request.
  Time since last request: 0.000247 seconds.
  path: Assets/Prefabs/ShellEjectEffect.prefab
  artifactKey: Guid(8e60b325a019543cbb2e3920522a2e6b) Importer(815301076,1909f56bfc062723c751e8b465ee728b)
Start importing Assets/Prefabs/ShellEjectEffect.prefab using Guid(8e60b325a019543cbb2e3920522a2e6b) Importer(815301076,1909f56bfc062723c751e8b465ee728b)  -> (artifact id: '11c5a21ff71c90be46bfb4eb178ef242') in 0.120830 seconds 
  Import took 0.123896 seconds .

========================================================================
Received Import Request.
  Time since last request: 0.000404 seconds.
  path: Assets/Prefabs/Coin.prefab
  artifactKey: Guid(4229c84aca58549a586e9bb7aaae97c4) Importer(815301076,1909f56bfc062723c751e8b465ee728b)
Start importing Assets/Prefabs/Coin.prefab using Guid(4229c84aca58549a586e9bb7aaae97c4) Importer(815301076,1909f56bfc062723c751e8b465ee728b)  -> (artifact id: '4102235143128e11ad2792400a77436b') in 0.014476 seconds 
  Import took 0.017239 seconds .

========================================================================
Received Import Request.
  Time since last request: 0.000279 seconds.
  path: Assets/Prefabs/Level Art.prefab
  artifactKey: Guid(49b04053ea2dc49ae8eae12418134ef1) Importer(815301076,1909f56bfc062723c751e8b465ee728b)
Start importing Assets/Prefabs/Level Art.prefab using Guid(49b04053ea2dc49ae8eae12418134ef1) Importer(815301076,1909f56bfc062723c751e8b465ee728b)  -> (artifact id: '1fe913d370443d593114385b0d7700b7') in 1.583599 seconds 
  Import took 1.588429 seconds .

========================================================================
Received Import Request.
  Time since last request: 0.000432 seconds.
  path: Assets/Prefabs/Gun.prefab
  artifactKey: Guid(13259943c4d634186ac994d570bb3253) Importer(815301076,1909f56bfc062723c751e8b465ee728b)
Start importing Assets/Prefabs/Gun.prefab using Guid(13259943c4d634186ac994d570bb3253) Importer(815301076,1909f56bfc062723c751e8b465ee728b)  -> (artifact id: '9f446eaaabf910ae04ae482d4649a5b3') in 0.022898 seconds 
  Import took 0.025955 seconds .

========================================================================
Received Import Request.
  Time since last request: 0.000425 seconds.
  path: Assets/Prefabs/BloodSprayEffect.prefab
  artifactKey: Guid(da33d2f1d5c4b41689d8063e19e3a7dc) Importer(815301076,1909f56bfc062723c751e8b465ee728b)
Start importing Assets/Prefabs/BloodSprayEffect.prefab using Guid(da33d2f1d5c4b41689d8063e19e3a7dc) Importer(815301076,1909f56bfc062723c751e8b465ee728b)  -> (artifact id: 'c103cc9a97b6cfaaace384b8b95ec966') in 0.177420 seconds 
  Import took 0.181307 seconds .

========================================================================
Received Import Request.
  Time since last request: 0.000281 seconds.
  path: Assets/Prefabs/Spawn Points.prefab
  artifactKey: Guid(5314e1f0757cf4cf79d58731d117e6cd) Importer(815301076,1909f56bfc062723c751e8b465ee728b)
Start importing Assets/Prefabs/Spawn Points.prefab using Guid(5314e1f0757cf4cf79d58731d117e6cd) Importer(815301076,1909f56bfc062723c751e8b465ee728b)  -> (artifact id: '19810a64e7feb7c4ef9430b3455f7cb4') in 0.008070 seconds 
  Import took 0.011827 seconds .

========================================================================
Received Import Request.
  Time since last request: 0.000299 seconds.
  path: Assets/Prefabs/BloodSprayEffect.prefab
  artifactKey: Guid(da33d2f1d5c4b41689d8063e19e3a7dc) Importer(815301076,1909f56bfc062723c751e8b465ee728b)
Start importing Assets/Prefabs/BloodSprayEffect.prefab using Guid(da33d2f1d5c4b41689d8063e19e3a7dc) Importer(815301076,1909f56bfc062723c751e8b465ee728b)  -> (artifact id: 'c103cc9a97b6cfaaace384b8b95ec966') in 0.014363 seconds 
  Import took 0.017624 seconds .

========================================================================
Received Import Request.
  Time since last request: 0.000183 seconds.
  path: Assets/Prefabs/Spawn Points.prefab
  artifactKey: Guid(5314e1f0757cf4cf79d58731d117e6cd) Importer(815301076,1909f56bfc062723c751e8b465ee728b)
Start importing Assets/Prefabs/Spawn Points.prefab using Guid(5314e1f0757cf4cf79d58731d117e6cd) Importer(815301076,1909f56bfc062723c751e8b465ee728b)  -> (artifact id: '19810a64e7feb7c4ef9430b3455f7cb4') in 0.004559 seconds 
  Import took 0.008240 seconds .

========================================================================
Received Import Request.
  Time since last request: 14.328752 seconds.
  path: Assets/Audios/Gun Reload.wav
  artifactKey: Guid(9eca29ee7f8209e419470fcd586aec21) Importer(815301076,1909f56bfc062723c751e8b465ee728b)
Start importing Assets/Audios/Gun Reload.wav using Guid(9eca29ee7f8209e419470fcd586aec21) Importer(815301076,1909f56bfc062723c751e8b465ee728b)  -> (artifact id: '4970ef000416fee3cdebec9a5010bc2a') in 0.019316 seconds 
  Import took 0.022249 seconds .

========================================================================
Received Import Request.
  Time since last request: 0.000322 seconds.
  path: Assets/Audios/Zombie Die.wav
  artifactKey: Guid(b86f03005ed394911b43027aeaaedeb7) Importer(815301076,1909f56bfc062723c751e8b465ee728b)
Start importing Assets/Audios/Zombie Die.wav using Guid(b86f03005ed394911b43027aeaaedeb7) Importer(815301076,1909f56bfc062723c751e8b465ee728b)  -> (artifact id: '9c53eb00a1fdb750aea80db71afffa02') in 0.013606 seconds 
  Import took 0.016341 seconds .

========================================================================
Received Import Request.
  Time since last request: 0.000291 seconds.
  path: Assets/Audios/Pick Up.ogg
  artifactKey: Guid(519ad2e4de69341948a938bf2a31e33b) Importer(815301076,1909f56bfc062723c751e8b465ee728b)
Start importing Assets/Audios/Pick Up.ogg using Guid(519ad2e4de69341948a938bf2a31e33b) Importer(815301076,1909f56bfc062723c751e8b465ee728b)  -> (artifact id: '741d1066b6c732c10278aa57a495b94e') in 0.014873 seconds 
  Import took 0.019088 seconds .

========================================================================
Received Import Request.
  Time since last request: 0.000208 seconds.
  path: Assets/Audios/Woman Damage.ogg
  artifactKey: Guid(cbfb3a79860ac42c89b09fc131ef4b61) Importer(815301076,1909f56bfc062723c751e8b465ee728b)
Start importing Assets/Audios/Woman Damage.ogg using Guid(cbfb3a79860ac42c89b09fc131ef4b61) Importer(815301076,1909f56bfc062723c751e8b465ee728b)  -> (artifact id: '367f7307dc057363f01c9715d63ecc03') in 0.014708 seconds 
  Import took 0.019076 seconds .

========================================================================
Received Import Request.
  Time since last request: 0.000347 seconds.
  path: Assets/Audios/Gun Shoot.wav
  artifactKey: Guid(b82a66dab749415458d1f6600c997095) Importer(815301076,1909f56bfc062723c751e8b465ee728b)
Start importing Assets/Audios/Gun Shoot.wav using Guid(b82a66dab749415458d1f6600c997095) Importer(815301076,1909f56bfc062723c751e8b465ee728b)  -> (artifact id: 'e015fc57df633fb4d2ef9814948cdfa6') in 0.011394 seconds 
  Import took 0.015087 seconds .

========================================================================
Received Import Request.
  Time since last request: 0.000196 seconds.
  path: Assets/Audios/Zombie Damage.wav
  artifactKey: Guid(c3d8accfc053f004ca665a1c8c4a6919) Importer(815301076,1909f56bfc062723c751e8b465ee728b)
Start importing Assets/Audios/Zombie Damage.wav using Guid(c3d8accfc053f004ca665a1c8c4a6919) Importer(815301076,1909f56bfc062723c751e8b465ee728b)  -> (artifact id: '8c3ec1528776e8c785650eb92bf3c1d1') in 0.010861 seconds 
  Import took 0.014246 seconds .

========================================================================
Received Import Request.
  Time since last request: 0.000218 seconds.
  path: Assets/Audios/Woman Die.ogg
  artifactKey: Guid(4265c953ea2b74edabac0c972182dcba) Importer(815301076,1909f56bfc062723c751e8b465ee728b)
Start importing Assets/Audios/Woman Die.ogg using Guid(4265c953ea2b74edabac0c972182dcba) Importer(815301076,1909f56bfc062723c751e8b465ee728b)  -> (artifact id: '8ec57acfb1c45ef91a7db61cf138c212') in 0.010120 seconds 
  Import took 0.013639 seconds .

========================================================================
Received Import Request.
  Time since last request: 0.000213 seconds.
  path: Assets/Audios/Music.mp3
  artifactKey: Guid(33a48263b70b34405ba79e06e039919c) Importer(815301076,1909f56bfc062723c751e8b465ee728b)
Start importing Assets/Audios/Music.mp3 using Guid(33a48263b70b34405ba79e06e039919c) Importer(815301076,1909f56bfc062723c751e8b465ee728b)  -> (artifact id: 'a4dc99d2fcc805ebd0568aa314e2d678') in 0.013301 seconds 
  Import took 0.016649 seconds .

========================================================================
Received Import Request.
  Time since last request: 3.894632 seconds.
  path: Assets/Scenes/Main.unity
  artifactKey: Guid(273f5a645a159490fbb1833bfb2dfa17) Importer(815301076,1909f56bfc062723c751e8b465ee728b)
Start importing Assets/Scenes/Main.unity using Guid(273f5a645a159490fbb1833bfb2dfa17) Importer(815301076,1909f56bfc062723c751e8b465ee728b)  -> (artifact id: 'c564c26f2f008cf49d11f8c355a6f902') in 0.005257 seconds 
  Import took 0.007896 seconds .

========================================================================
Received Import Request.
  Time since last request: 0.005889 seconds.
  path: Assets/Scenes/Main.unity
  artifactKey: Guid(273f5a645a159490fbb1833bfb2dfa17) Importer(815301076,1909f56bfc062723c751e8b465ee728b)
Start importing Assets/Scenes/Main.unity using Guid(273f5a645a159490fbb1833bfb2dfa17) Importer(815301076,1909f56bfc062723c751e8b465ee728b)  -> (artifact id: 'c564c26f2f008cf49d11f8c355a6f902') in 0.002380 seconds 
  Import took 0.005423 seconds .

========================================================================
Received Import Request.
  Time since last request: 419.259772 seconds.
  path: Assets/New Lighting Settings.lighting
  artifactKey: Guid(0a5d30f108f7923478c136bf72f618d8) Importer(815301076,1909f56bfc062723c751e8b465ee728b)
Start importing Assets/New Lighting Settings.lighting using Guid(0a5d30f108f7923478c136bf72f618d8) Importer(815301076,1909f56bfc062723c751e8b465ee728b)  -> (artifact id: 'c052d10d9ca31632191246dbf8c7a3a6') in 0.130629 seconds 
  Import took 0.276885 seconds .

AssetImportWorkerClient::OnTransportError - code=2 error=End of file
